<?xml version="1.0" encoding="UTF-8" ?>
<testsuite tests="4" failures="0" name="com.vcollaborate.validation.constraints.allowedvalues.AllowedStringsValidatorTest" time="0.024" errors="0" skipped="0">
  <properties>
[...]
</properties>
  <testcase classname="com.vcollaborate.validation.constraints.allowedvalues.AllowedStringsValidatorTest" name="testNotAllowedValue" time="0.011"/>
  <testcase classname="com.vcollaborate.validation.constraints.allowedvalues.AllowedStringsValidatorTest" name="testNotAllowedNullValue" time="0.008"/>
  <testcase classname="com.vcollaborate.validation.constraints.allowedvalues.AllowedStringsValidatorTest" name="testAllowedValue" time="0.003"/>
  <testcase classname="com.vcollaborate.validation.constraints.allowedvalues.AllowedStringsValidatorTest" name="testAllowedNullValue" time="0.002"/>
</testsuite>